<?xml version="1.0" encoding="UTF-8" ?>
<testsuites>
 <testsuite name="Enter GURU99 Name" timestamp="2019-01-27T14:29:41" hostname="localhost" time="2.197" errors="0" tests="1" skipped="0" failures="0">
  <testcase classname="Enter GURU99 Name" name="should add a Name as GURU99" time="2.195">
  </testcase>
 </testsuite>
</testsuites>