<?xml version="1.0" encoding="UTF-8" ?>
<testsuites>
 <testsuite name="Calculator" timestamp="2019-01-29T14:30:43" hostname="localhost" time="3.032" errors="0" tests="1" skipped="0" failures="0">
  <testcase classname="Calculator" name="should calculate the sum of two numbers" time="3.028">
  </testcase>
 </testsuite>
</testsuites>